<?xml version="1.0" encoding="UTF-8"?>
<testsuite name="user download their statements" tests="1" skipped="0" failures="0" errors="0" timestamp="2022-02-21T18:38:43" hostname="SQAMED-PCC86917" time="9.865">
  <properties/>
  <testcase name="User download their statement for last month" classname="user download their statements" time="9.865"/>
  <system-out><![CDATA[Lorem ipsum 
Lorem ipsum dolor sit amet, consectetur adipiscing 
elit. Nunc ac faucibus odio. 
Vestibulum neque massa, scelerisque sit amet ligula eu, congue molestie mi. Praesent ut
varius sem. Nullam at porttitor arcu, nec lacinia nisi. Ut ac dolor vitae odio interdum
condimentum. Vivamus dapibus sodales ex, vitae malesuada ipsum cursus
convallis. Maecenas sed egestas nulla, ac condimentum orci. Mauris diam felis,
vulputate ac suscipit et, iaculis non est. Curabitur semper arcu ac ligula semper, nec luctus
nisl blandit. Integer lacinia ante ac libero lobortis imperdiet. Nullam mollis convallis ipsum,
ac accumsan nunc vehicula vitae. Nulla eget justo in felis tristique fringilla. Morbi sit amet
tortor quis risus auctor condimentum. Morbi in ullamcorper elit. Nulla iaculis tellus sit amet
mauris tempus fringilla.
Maecenas mauris lectus, lobortis et purus mattis, blandit dictum tellus.
? Maecenas non lorem quis tellus placerat varius. 
? Nulla facilisi. 
? Aenean congue fringilla justo ut aliquam. 
? Mauris id ex erat. Nunc vulputate neque vitae justo facilisis, non condimentum ante
sagittis. 
? Morbi viverra semper lorem nec molestie. 
? Maecenas tincidunt est efficitur ligula euismod, sit amet ornare est vulputate.
12
10
8
Column 1
6
Column 2
Column 3
4
2
0
Row 1 Row 2 Row 3 Row 4In non mauris justo. Duis vehicula mi vel mi pretium, a viverra erat efficitur. Cras aliquam
est ac eros varius, id iaculis dui auctor. Duis pretium neque ligula, et pulvinar mi placerat
et. Nulla nec nunc sit amet nunc posuere vestibulum. Ut id neque eget tortor mattis
tristique. Donec ante est, blandit sit amet tristique vel, lacinia pulvinar arcu. Pellentesque
scelerisque fermentum erat, id posuere justo pulvinar ut. Cras id eros sed enim aliquam
lobortis. Sed lobortis nisl ut eros efficitur tincidunt. Cras justo mi, porttitor quis mattis vel,
ultricies ut purus. Ut facilisis et lacus eu cursus.
In eleifend velit vitae libero sollicitudin euismod. Fusce vitae vestibulum velit. Pellentesque
vulputate lectus quis pellentesque commodo. Aliquam erat volutpat. Vestibulum in egestas
velit. Pellentesque fermentum nisl vitae fringilla venenatis. Etiam id mauris vitae orci
maximus ultricies. 
Cras fringilla ipsum magna, in fringilla dui commodo 
a.
Lorem ipsum Lorem ipsum Lorem ipsum
1 In eleifend velit vitae libero sollicitudin euismod. Lorem
2 Cras fringilla ipsum magna, in fringilla dui commodo Ipsum
a.
3 Aliquam erat volutpat. Lorem
4 Fusce vitae vestibulum velit. Lorem
5 Etiam vehicula luctus fermentum. Ipsum
Etiam vehicula luctus fermentum. In vel metus congue, pulvinar lectus vel, fermentum dui.
Maecenas ante orci, egestas ut aliquet sit amet, sagittis a magna. Aliquam ante quam,
pellentesque ut dignissim quis, laoreet eget est. Aliquam erat volutpat. Class aptent taciti
sociosqu ad litora torquent per conubia nostra, per inceptos himenaeos. Ut ullamcorper
justo sapien, in cursus libero viverra eget. Vivamus auctor imperdiet urna, at pulvinar leo
posuere laoreet. Suspendisse neque nisl, fringilla at iaculis scelerisque, ornare vel dolor. Ut
et pulvinar nunc. Pellentesque fringilla mollis efficitur. Nullam venenatis commodo
imperdiet. Morbi velit neque, semper quis lorem quis, efficitur dignissim ipsum. Ut ac lorem
sed turpis imperdiet eleifend sit amet id sapien.Lorem ipsum dolor sit amet, consectetur adipiscing 
elit. 
Nunc ac faucibus odio. Vestibulum neque massa, scelerisque sit amet ligula eu, congue
molestie mi. Praesent ut varius sem. Nullam at porttitor arcu, nec lacinia nisi. Ut ac dolor
vitae odio interdum condimentum. Vivamus dapibus sodales ex, vitae malesuada ipsum
cursus convallis. Maecenas sed egestas nulla, ac condimentum orci. Mauris diam felis,
vulputate ac suscipit et, iaculis non est. Curabitur semper arcu ac ligula semper, nec luctus
nisl blandit. Integer lacinia ante ac libero lobortis imperdiet. Nullam mollis convallis ipsum,
ac accumsan nunc vehicula vitae. Nulla eget justo in felis tristique fringilla. Morbi sit amet
tortor quis risus auctor condimentum. Morbi in ullamcorper elit. Nulla iaculis tellus sit amet
mauris tempus fringilla.
Maecenas mauris lectus, lobortis et purus mattis, blandit 
dictum tellus. 
Maecenas non lorem quis tellus placerat varius. Nulla facilisi. Aenean congue fringilla justo
ut aliquam. Mauris id ex erat. Nunc vulputate neque vitae justo facilisis, non condimentum
ante sagittis. Morbi viverra semper lorem nec molestie. Maecenas tincidunt est efficitur
ligula euismod, sit amet ornare est vulputate.
In non mauris justo. Duis vehicula mi vel mi pretium, a viverra erat efficitur. Cras aliquam
est ac eros varius, id iaculis dui auctor. Duis pretium neque ligula, et pulvinar mi placerat
et. Nulla nec nunc sit amet nunc posuere vestibulum. Ut id neque eget tortor mattis
tristique. Donec ante est, blandit sit amet tristique vel, lacinia pulvinar arcu. Pellentesque
scelerisque fermentum erat, id posuere justo pulvinar ut. Cras id eros sed enim aliquam
lobortis. Sed lobortis nisl ut eros efficitur tincidunt. Cras justo mi, porttitor quis mattis vel,
ultricies ut purus. Ut facilisis et lacus eu cursus.
In eleifend velit vitae libero sollicitudin euismod. 
Fusce vitae vestibulum velit. Pellentesque vulputate lectus quis pellentesque commodo.
Aliquam erat volutpat. Vestibulum in egestas velit. Pellentesque fermentum nisl vitae
fringilla venenatis. Etiam id mauris vitae orci maximus ultricies. Cras fringilla ipsum
magna, in fringilla dui commodo a.
Etiam vehicula luctus fermentum. In vel metus congue, pulvinar lectus vel, fermentum dui.
Maecenas ante orci, egestas ut aliquet sit amet, sagittis a magna. Aliquam ante quam,
pellentesque ut dignissim quis, laoreet eget est. Aliquam erat volutpat. Class aptent taciti
sociosqu ad litora torquent per conubia nostra, per inceptos himenaeos. Ut ullamcorper
justo sapien, in cursus libero viverra eget. Vivamus auctor imperdiet urna, at pulvinar leo
posuere laoreet. Suspendisse neque nisl, fringilla at iaculis scelerisque, ornare vel dolor. Ut
et pulvinar nunc. Pellentesque fringilla mollis efficitur. Nullam venenatis commodo
imperdiet. Morbi velit neque, semper quis lorem quis, efficitur dignissim ipsum. Ut ac lorem
sed turpis imperdiet eleifend sit amet id sapien.
]]></system-out>
  <system-err><![CDATA[Starting ChromeDriver 98.0.4758.80 (7f0488e8ba0d8e019187c6325a16c29d9b7f4989-refs/branch-heads/4758@{#972}) on port 39162
Only local connections are allowed.
Please see https://chromedriver.chromium.org/security-considerations for suggestions on keeping ChromeDriver safe.
ChromeDriver was started successfully.
feb 21, 2022 1:38:45 PM org.openqa.selenium.remote.ProtocolHandshake createSession
INFORMACIÓN: Detected dialect: W3C
[Test worker] INFO net.thucydides.core.steps.ConsoleLoggingListener - 
        __    _____ _____ ____ _____   ____   _    ____  ____  _____ ____  
  _     \ \  |_   _| ____/ ___|_   _| |  _ \ / \  / ___|/ ___|| ____|  _ \ 
 (_)_____| |   | | |  _| \___ \ | |   | |_) / _ \ \___ \\___ \|  _| | | | |
  _|_____| |   | | | |___ ___) || |   |  __/ ___ \ ___) |___) | |___| |_| |
 (_)     | |   |_| |_____|____/ |_|   |_| /_/   \_\____/|____/|_____|____/ 
        /_/                                                                

TEST PASSED: User download their statement for last month
----------------------------------------------------------------------------
]]></system-err>
</testsuite>
